[0m19:19:29.067854 [debug] [MainThread]: Sending event: {'category': 'dbt', 'action': 'invocation', 'label': 'start', 'context': [<snowplow_tracker.self_describing_json.SelfDescribingJson object at 0x0000026DAFAF1490>, <snowplow_tracker.self_describing_json.SelfDescribingJson object at 0x0000026DAFA7AB10>, <snowplow_tracker.self_describing_json.SelfDescribingJson object at 0x0000026DAFD7A7D0>]}


============================== 19:19:29.071959 | 4b3509aa-f23d-4394-8202-7e042c85e0f0 ==============================
[0m19:19:29.071959 [info ] [MainThread]: Running with dbt=1.5.3
[0m19:19:29.073385 [debug] [MainThread]: running dbt with arguments {'printer_width': '80', 'indirect_selection': 'eager', 'write_json': 'True', 'log_cache_events': 'False', 'partial_parse': 'True', 'cache_selected_only': 'False', 'profiles_dir': 'C:\\Users\\Arkan\\.dbt', 'fail_fast': 'False', 'warn_error': 'None', 'log_path': 'logs', 'version_check': 'True', 'debug': 'False', 'use_colors': 'True', 'use_experimental_parser': 'False', 'no_print': 'None', 'quiet': 'False', 'log_format': 'default', 'introspect': 'True', 'warn_error_options': 'WarnErrorOptions(include=[], exclude=[])', 'static_parser': 'True', 'target_path': 'None', 'send_anonymous_usage_stats': 'True'}
[0m19:19:29.074384 [warn ] [MainThread]: [ConfigFolderDirectory]: Unable to parse dict {'dir': WindowsPath('C:/Users/Arkan/.dbt')}
[0m19:19:29.075540 [info ] [MainThread]: Creating dbt configuration folder at 
[0m19:19:29.076542 [debug] [MainThread]: Starter project path: D:\Programming\data engineering\learn_dbt\dbt_venv\Lib\site-packages\dbt\include\starter_project
[0m19:20:33.461732 [error] [MainThread]: Encountered an error:

[0m19:20:33.464732 [error] [MainThread]: Traceback (most recent call last):
  File "D:\Programming\data engineering\learn_dbt\dbt_venv\Lib\site-packages\dbt\cli\requires.py", line 86, in wrapper
    result, success = func(*args, **kwargs)
                      ^^^^^^^^^^^^^^^^^^^^^
  File "D:\Programming\data engineering\learn_dbt\dbt_venv\Lib\site-packages\dbt\cli\requires.py", line 71, in wrapper
    return func(*args, **kwargs)
           ^^^^^^^^^^^^^^^^^^^^^
  File "D:\Programming\data engineering\learn_dbt\dbt_venv\Lib\site-packages\dbt\cli\main.py", line 459, in init
    results = task.run()
              ^^^^^^^^^^
  File "D:\Programming\data engineering\learn_dbt\dbt_venv\Lib\site-packages\dbt\task\init.py", line 307, in run
    self.create_profile_from_target(adapter, profile_name=project_name)
  File "D:\Programming\data engineering\learn_dbt\dbt_venv\Lib\site-packages\dbt\task\init.py", line 180, in create_profile_from_target
    self.create_profile_from_profile_template(profile_template, profile_name)
  File "D:\Programming\data engineering\learn_dbt\dbt_venv\Lib\site-packages\dbt\task\init.py", line 164, in create_profile_from_profile_template
    target = self.generate_target_from_input(prompts, initial_target)
             ^^^^^^^^^^^^^^^^^^^^^^^^^^^^^^^^^^^^^^^^^^^^^^^^^^^^^^^^
  File "D:\Programming\data engineering\learn_dbt\dbt_venv\Lib\site-packages\dbt\task\init.py", line 130, in generate_target_from_input
    target[key] = click.prompt(
                  ^^^^^^^^^^^^^
  File "D:\Programming\data engineering\learn_dbt\dbt_venv\Lib\site-packages\click\termui.py", line 166, in prompt
    value = prompt_func(prompt)
            ^^^^^^^^^^^^^^^^^^^
  File "D:\Programming\data engineering\learn_dbt\dbt_venv\Lib\site-packages\click\termui.py", line 149, in prompt_func
    raise Abort() from None
click.exceptions.Abort

[0m19:20:33.466733 [debug] [MainThread]: Command `dbt init` failed at 19:20:33.465734 after 64.41 seconds
[0m19:20:33.466733 [debug] [MainThread]: Sending event: {'category': 'dbt', 'action': 'invocation', 'label': 'end', 'context': [<snowplow_tracker.self_describing_json.SelfDescribingJson object at 0x0000026DAFD691D0>, <snowplow_tracker.self_describing_json.SelfDescribingJson object at 0x0000026DAFA78410>, <snowplow_tracker.self_describing_json.SelfDescribingJson object at 0x0000026DAFA786D0>]}
[0m19:20:33.467739 [debug] [MainThread]: Flushing usage events
[0m19:23:33.763278 [debug] [MainThread]: Sending event: {'category': 'dbt', 'action': 'invocation', 'label': 'start', 'context': [<snowplow_tracker.self_describing_json.SelfDescribingJson object at 0x000001F094AD82D0>, <snowplow_tracker.self_describing_json.SelfDescribingJson object at 0x000001F094739710>, <snowplow_tracker.self_describing_json.SelfDescribingJson object at 0x000001F0947D8B50>]}


============================== 19:23:33.766884 | eb4ad004-d8fe-4e9d-9d50-22e9acf8dfa2 ==============================
[0m19:23:33.766884 [info ] [MainThread]: Running with dbt=1.5.3
[0m19:23:33.767885 [debug] [MainThread]: running dbt with arguments {'printer_width': '80', 'indirect_selection': 'eager', 'log_cache_events': 'False', 'write_json': 'True', 'partial_parse': 'True', 'cache_selected_only': 'False', 'warn_error': 'None', 'fail_fast': 'False', 'profiles_dir': 'C:\\Users\\Arkan\\.dbt', 'log_path': 'logs', 'version_check': 'True', 'debug': 'False', 'use_colors': 'True', 'use_experimental_parser': 'False', 'no_print': 'None', 'quiet': 'False', 'log_format': 'default', 'introspect': 'True', 'warn_error_options': 'WarnErrorOptions(include=[], exclude=[])', 'static_parser': 'True', 'target_path': 'None', 'send_anonymous_usage_stats': 'True'}
[0m19:23:33.768884 [info ] [MainThread]: A project called coba already exists here.
[0m19:23:33.770743 [debug] [MainThread]: Command `dbt init` succeeded at 19:23:33.770743 after 0.02 seconds
[0m19:23:33.771742 [debug] [MainThread]: Sending event: {'category': 'dbt', 'action': 'invocation', 'label': 'end', 'context': [<snowplow_tracker.self_describing_json.SelfDescribingJson object at 0x000001F094B77F90>, <snowplow_tracker.self_describing_json.SelfDescribingJson object at 0x000001F094739710>, <snowplow_tracker.self_describing_json.SelfDescribingJson object at 0x000001F0947D9A10>]}
[0m19:23:33.772225 [debug] [MainThread]: Flushing usage events
[0m19:24:03.537228 [debug] [MainThread]: Sending event: {'category': 'dbt', 'action': 'invocation', 'label': 'start', 'context': [<snowplow_tracker.self_describing_json.SelfDescribingJson object at 0x0000016CA8BF2C10>, <snowplow_tracker.self_describing_json.SelfDescribingJson object at 0x0000016CA8A4C450>, <snowplow_tracker.self_describing_json.SelfDescribingJson object at 0x0000016CA852D850>]}


============================== 19:24:03.540946 | 02b4f40a-965c-4564-a481-c8486161c619 ==============================
[0m19:24:03.540946 [info ] [MainThread]: Running with dbt=1.5.3
[0m19:24:03.542553 [debug] [MainThread]: running dbt with arguments {'printer_width': '80', 'indirect_selection': 'eager', 'write_json': 'True', 'log_cache_events': 'False', 'partial_parse': 'True', 'cache_selected_only': 'False', 'warn_error': 'None', 'debug': 'False', 'version_check': 'True', 'log_path': 'logs', 'profiles_dir': 'C:\\Users\\Arkan\\.dbt', 'fail_fast': 'False', 'use_colors': 'True', 'use_experimental_parser': 'False', 'no_print': 'None', 'quiet': 'False', 'warn_error_options': 'WarnErrorOptions(include=[], exclude=[])', 'static_parser': 'True', 'log_format': 'default', 'introspect': 'True', 'target_path': 'None', 'send_anonymous_usage_stats': 'True'}
[0m19:24:03.544555 [debug] [MainThread]: Starter project path: D:\Programming\data engineering\learn_dbt\dbt_venv\Lib\site-packages\dbt\include\starter_project
[0m19:28:03.170013 [info ] [MainThread]: Profile coba written to C:\Users\Arkan\.dbt\profiles.yml using target's profile_template.yml and your supplied values. Run 'dbt debug' to validate the connection.
[0m19:28:03.171164 [info ] [MainThread]: 
Your new dbt project "coba" was created!

For more information on how to configure the profiles.yml file,
please consult the dbt documentation here:

  https://docs.getdbt.com/docs/configure-your-profile

One more thing:

Need help? Don't hesitate to reach out to us via GitHub issues or on Slack:

  https://community.getdbt.com/

Happy modeling!

[0m19:28:03.172188 [debug] [MainThread]: Command `dbt init` succeeded at 19:28:03.172188 after 239.65 seconds
[0m19:28:03.172188 [debug] [MainThread]: Sending event: {'category': 'dbt', 'action': 'invocation', 'label': 'end', 'context': [<snowplow_tracker.self_describing_json.SelfDescribingJson object at 0x0000016CA8BFFAD0>, <snowplow_tracker.self_describing_json.SelfDescribingJson object at 0x0000016CA257E510>, <snowplow_tracker.self_describing_json.SelfDescribingJson object at 0x0000016CA257E450>]}
[0m19:28:03.173170 [debug] [MainThread]: Flushing usage events
[0m20:05:53.149611 [debug] [MainThread]: Sending event: {'category': 'dbt', 'action': 'invocation', 'label': 'start', 'context': [<snowplow_tracker.self_describing_json.SelfDescribingJson object at 0x000002D4CDFCB910>, <snowplow_tracker.self_describing_json.SelfDescribingJson object at 0x000002D4CDDB0610>, <snowplow_tracker.self_describing_json.SelfDescribingJson object at 0x000002D4CDDF0650>]}


============================== 20:05:53.154995 | 67eeca86-ed1a-4e5b-aa4a-2f4996e9c1df ==============================
[0m20:05:53.154995 [info ] [MainThread]: Running with dbt=1.5.3
[0m20:05:53.155997 [debug] [MainThread]: running dbt with arguments {'printer_width': '80', 'indirect_selection': 'eager', 'log_cache_events': 'False', 'write_json': 'True', 'partial_parse': 'True', 'cache_selected_only': 'False', 'warn_error': 'None', 'fail_fast': 'False', 'profiles_dir': 'C:\\Users\\Arkan\\.dbt', 'log_path': 'logs', 'version_check': 'True', 'debug': 'False', 'use_colors': 'True', 'use_experimental_parser': 'False', 'no_print': 'None', 'quiet': 'False', 'warn_error_options': 'WarnErrorOptions(include=[], exclude=[])', 'introspect': 'True', 'log_format': 'default', 'static_parser': 'True', 'target_path': 'None', 'send_anonymous_usage_stats': 'True'}
[0m20:05:53.157859 [debug] [MainThread]: Starter project path: D:\Programming\data engineering\learn_dbt\dbt_venv\Lib\site-packages\dbt\include\starter_project
[0m20:09:06.068619 [info ] [MainThread]: Profile coba_snowflake written to C:\Users\Arkan\.dbt\profiles.yml using target's profile_template.yml and your supplied values. Run 'dbt debug' to validate the connection.
[0m20:09:06.068619 [info ] [MainThread]: 
Your new dbt project "coba_snowflake" was created!

For more information on how to configure the profiles.yml file,
please consult the dbt documentation here:

  https://docs.getdbt.com/docs/configure-your-profile

One more thing:

Need help? Don't hesitate to reach out to us via GitHub issues or on Slack:

  https://community.getdbt.com/

Happy modeling!

[0m20:09:06.069899 [debug] [MainThread]: Command `dbt init` succeeded at 20:09:06.069899 after 192.94 seconds
[0m20:09:06.070896 [debug] [MainThread]: Sending event: {'category': 'dbt', 'action': 'invocation', 'label': 'end', 'context': [<snowplow_tracker.self_describing_json.SelfDescribingJson object at 0x000002D4CDDB3550>, <snowplow_tracker.self_describing_json.SelfDescribingJson object at 0x000002D4CE0AA890>, <snowplow_tracker.self_describing_json.SelfDescribingJson object at 0x000002D4CDD49C90>]}
[0m20:09:06.071517 [debug] [MainThread]: Flushing usage events
[0m23:27:24.312422 [debug] [MainThread]: Sending event: {'category': 'dbt', 'action': 'invocation', 'label': 'start', 'context': [<snowplow_tracker.self_describing_json.SelfDescribingJson object at 0x0000023445E6CA10>, <snowplow_tracker.self_describing_json.SelfDescribingJson object at 0x0000023445A32110>, <snowplow_tracker.self_describing_json.SelfDescribingJson object at 0x00000234459E85D0>]}


============================== 23:27:24.320417 | 45e39922-666c-4f41-9f03-64a358330489 ==============================
[0m23:27:24.320417 [info ] [MainThread]: Running with dbt=1.5.3
[0m23:27:24.321430 [debug] [MainThread]: running dbt with arguments {'printer_width': '80', 'indirect_selection': 'eager', 'log_cache_events': 'False', 'write_json': 'True', 'partial_parse': 'True', 'cache_selected_only': 'False', 'profiles_dir': 'C:\\Users\\Arkan\\.dbt', 'version_check': 'True', 'debug': 'False', 'log_path': 'logs', 'warn_error': 'None', 'fail_fast': 'False', 'use_colors': 'True', 'use_experimental_parser': 'False', 'no_print': 'None', 'quiet': 'False', 'warn_error_options': 'WarnErrorOptions(include=[], exclude=[])', 'introspect': 'True', 'log_format': 'default', 'static_parser': 'True', 'target_path': 'None', 'send_anonymous_usage_stats': 'True'}
[0m23:27:24.326415 [debug] [MainThread]: Starter project path: D:\Programming\data engineering\learn_dbt\dbt_venv\Lib\site-packages\dbt\include\starter_project
[0m23:28:50.511603 [error] [MainThread]: Encountered an error:

[0m23:28:50.557418 [error] [MainThread]: Traceback (most recent call last):
  File "D:\Programming\data engineering\learn_dbt\dbt_venv\Lib\site-packages\dbt\cli\requires.py", line 86, in wrapper
    result, success = func(*args, **kwargs)
                      ^^^^^^^^^^^^^^^^^^^^^
  File "D:\Programming\data engineering\learn_dbt\dbt_venv\Lib\site-packages\dbt\cli\requires.py", line 71, in wrapper
    return func(*args, **kwargs)
           ^^^^^^^^^^^^^^^^^^^^^
  File "D:\Programming\data engineering\learn_dbt\dbt_venv\Lib\site-packages\dbt\cli\main.py", line 459, in init
    results = task.run()
              ^^^^^^^^^^
  File "D:\Programming\data engineering\learn_dbt\dbt_venv\Lib\site-packages\dbt\task\init.py", line 307, in run
    self.create_profile_from_target(adapter, profile_name=project_name)
  File "D:\Programming\data engineering\learn_dbt\dbt_venv\Lib\site-packages\dbt\task\init.py", line 180, in create_profile_from_target
    self.create_profile_from_profile_template(profile_template, profile_name)
  File "D:\Programming\data engineering\learn_dbt\dbt_venv\Lib\site-packages\dbt\task\init.py", line 164, in create_profile_from_profile_template
    target = self.generate_target_from_input(prompts, initial_target)
             ^^^^^^^^^^^^^^^^^^^^^^^^^^^^^^^^^^^^^^^^^^^^^^^^^^^^^^^^
  File "D:\Programming\data engineering\learn_dbt\dbt_venv\Lib\site-packages\dbt\task\init.py", line 117, in generate_target_from_input
    target = self.generate_target_from_input(
             ^^^^^^^^^^^^^^^^^^^^^^^^^^^^^^^^
  File "D:\Programming\data engineering\learn_dbt\dbt_venv\Lib\site-packages\dbt\task\init.py", line 130, in generate_target_from_input
    target[key] = click.prompt(
                  ^^^^^^^^^^^^^
  File "D:\Programming\data engineering\learn_dbt\dbt_venv\Lib\site-packages\click\termui.py", line 166, in prompt
    value = prompt_func(prompt)
            ^^^^^^^^^^^^^^^^^^^
  File "D:\Programming\data engineering\learn_dbt\dbt_venv\Lib\site-packages\click\termui.py", line 149, in prompt_func
    raise Abort() from None
click.exceptions.Abort

[0m23:28:50.559415 [debug] [MainThread]: Command `dbt init` failed at 23:28:50.559415 after 86.29 seconds
[0m23:28:50.559415 [debug] [MainThread]: Sending event: {'category': 'dbt', 'action': 'invocation', 'label': 'end', 'context': [<snowplow_tracker.self_describing_json.SelfDescribingJson object at 0x0000023445E700D0>, <snowplow_tracker.self_describing_json.SelfDescribingJson object at 0x0000023445E6CA50>, <snowplow_tracker.self_describing_json.SelfDescribingJson object at 0x000002344572D810>]}
[0m23:28:50.560508 [debug] [MainThread]: Flushing usage events
[0m23:30:56.173840 [debug] [MainThread]: Sending event: {'category': 'dbt', 'action': 'invocation', 'label': 'start', 'context': [<snowplow_tracker.self_describing_json.SelfDescribingJson object at 0x000001C99AED3950>, <snowplow_tracker.self_describing_json.SelfDescribingJson object at 0x000001C99A776A10>, <snowplow_tracker.self_describing_json.SelfDescribingJson object at 0x000001C99A80EB50>]}


============================== 23:30:56.177843 | 17ce7a92-556a-4073-a1a1-e41a261975c4 ==============================
[0m23:30:56.177843 [info ] [MainThread]: Running with dbt=1.5.3
[0m23:30:56.179009 [debug] [MainThread]: running dbt with arguments {'printer_width': '80', 'indirect_selection': 'eager', 'log_cache_events': 'False', 'write_json': 'True', 'partial_parse': 'True', 'cache_selected_only': 'False', 'warn_error': 'None', 'fail_fast': 'False', 'debug': 'False', 'log_path': 'logs', 'profiles_dir': 'C:\\Users\\Arkan\\.dbt', 'version_check': 'True', 'use_colors': 'True', 'use_experimental_parser': 'False', 'no_print': 'None', 'quiet': 'False', 'warn_error_options': 'WarnErrorOptions(include=[], exclude=[])', 'static_parser': 'True', 'log_format': 'default', 'introspect': 'True', 'target_path': 'None', 'send_anonymous_usage_stats': 'True'}
[0m23:30:56.180843 [debug] [MainThread]: Starter project path: D:\Programming\data engineering\learn_dbt\dbt_venv\Lib\site-packages\dbt\include\starter_project
[0m23:31:47.751143 [info ] [MainThread]: Profile bq_dbt_model written to C:\Users\Arkan\.dbt\profiles.yml using target's profile_template.yml and your supplied values. Run 'dbt debug' to validate the connection.
[0m23:31:47.752144 [info ] [MainThread]: 
Your new dbt project "bq_dbt_model" was created!

For more information on how to configure the profiles.yml file,
please consult the dbt documentation here:

  https://docs.getdbt.com/docs/configure-your-profile

One more thing:

Need help? Don't hesitate to reach out to us via GitHub issues or on Slack:

  https://community.getdbt.com/

Happy modeling!

[0m23:31:47.753132 [debug] [MainThread]: Command `dbt init` succeeded at 23:31:47.753132 after 51.60 seconds
[0m23:31:47.754135 [debug] [MainThread]: Sending event: {'category': 'dbt', 'action': 'invocation', 'label': 'end', 'context': [<snowplow_tracker.self_describing_json.SelfDescribingJson object at 0x000001C99AEE9390>, <snowplow_tracker.self_describing_json.SelfDescribingJson object at 0x000001C99AE6BDD0>, <snowplow_tracker.self_describing_json.SelfDescribingJson object at 0x000001C99A769410>]}
[0m23:31:47.755132 [debug] [MainThread]: Flushing usage events
